2024-10-30 14:44:16,908 - ERROR - Ошибка при загрузке справочника : [Errno 2] No such file or directory: ''
2024-10-30 14:44:16,971 - INFO - Опись успешно сохранена в inventory.docx
2024-10-30 14:44:20,822 - INFO - Файл  успешно извлечен в 
2024-10-30 14:47:57,044 - ERROR - Ошибка извлечения данных из Excel : openpyxl does not support  file format, please check you can open it with Excel first. Supported formats are: .xlsx,.xlsm,.xltx,.xltm
2024-10-30 14:52:34,247 - ERROR - Ошибка извлечения данных из Excel : openpyxl does not support  file format, please check you can open it with Excel first. Supported formats are: .xlsx,.xlsm,.xltx,.xltm
2024-10-30 14:52:34,247 - ERROR - Ошибка при переименовании или нанесении номера на файл: list index out of range
2024-10-30 18:46:11,846 - INFO - Файл  успешно извлечен в 
2024-10-30 18:46:35,731 - ERROR - Ошибка извлечения данных из Excel : openpyxl does not support  file format, please check you can open it with Excel first. Supported formats are: .xlsx,.xlsm,.xltx,.xltm
2024-10-30 18:46:35,731 - ERROR - Ошибка при переименовании или нанесении номера на файл: list index out of range
2024-10-30 18:47:57,220 - ERROR - Ошибка извлечения файла C:/Users/user/Desktop/ё12.rar: Cannot find working tool
2024-10-30 19:46:38,346 - ERROR - Ошибка извлечения данных из Excel : openpyxl does not support  file format, please check you can open it with Excel first. Supported formats are: .xlsx,.xlsm,.xltx,.xltm
2024-10-30 19:46:58,629 - ERROR - Ошибка извлечения данных из Excel : openpyxl does not support  file format, please check you can open it with Excel first. Supported formats are: .xlsx,.xlsm,.xltx,.xltm
2024-10-30 19:51:32,496 - ERROR - Ошибка извлечения данных из Excel : openpyxl does not support  file format, please check you can open it with Excel first. Supported formats are: .xlsx,.xlsm,.xltx,.xltm
2024-10-30 20:09:37,332 - INFO - Опись успешно сохранена в Опись.docx
2024-10-30 20:09:38,661 - INFO - Файл  успешно извлечен в 
2024-10-30 20:10:32,116 - ERROR - Ошибка извлечения файла C:/Users/user/Desktop/ё12.rar: Cannot find working tool
2024-10-30 20:10:49,391 - INFO - Файл  успешно извлечен в 
2024-10-30 20:11:15,511 - ERROR - Ошибка извлечения файла C:/Users/user/Desktop/ё12.rar: Cannot find working tool
2024-10-30 20:11:37,299 - ERROR - Ошибка извлечения файла C:/Users/user/Desktop/ё12.rar: Cannot find working tool
2024-10-30 20:11:38,794 - ERROR - Ошибка извлечения файла C:/Users/user/Desktop/ё12.rar: Cannot find working tool
2024-10-31 08:12:01,795 - INFO - Файл C:/Users/user/Desktop/Новый текстовый документ.txt переименован и сохранен как C:/Users/user/Desktop\11.txt
2024-10-31 08:12:06,108 - ERROR - Ошибка извлечения данных из Excel : openpyxl does not support  file format, please check you can open it with Excel first. Supported formats are: .xlsx,.xlsm,.xltx,.xltm
2024-10-31 08:12:14,729 - ERROR - Ошибка при создании описи: [Errno 2] No such file or directory: ''
2024-10-31 08:12:27,736 - ERROR - Ошибка извлечения данных из Excel : openpyxl does not support  file format, please check you can open it with Excel first. Supported formats are: .xlsx,.xlsm,.xltx,.xltm
2024-10-31 08:12:27,739 - ERROR - Ошибка при загрузке справочника : [Errno 2] No such file or directory: ''
2024-10-31 08:12:36,778 - INFO - Файл  успешно извлечен в 
2024-10-31 08:13:02,917 - INFO - Файл C:/Users/user/Downloads/Telegram Desktop/Лаба 2.zip успешно извлечен в 
2024-10-31 08:19:06,189 - ERROR - Ошибка извлечения данных из Excel : openpyxl does not support  file format, please check you can open it with Excel first. Supported formats are: .xlsx,.xlsm,.xltx,.xltm
2024-10-31 08:19:08,897 - ERROR - Ошибка извлечения данных из Excel : openpyxl does not support  file format, please check you can open it with Excel first. Supported formats are: .xlsx,.xlsm,.xltx,.xltm
2024-10-31 08:19:08,899 - ERROR - Ошибка при загрузке справочника : [Errno 2] No such file or directory: ''
2024-10-31 08:19:08,952 - INFO - Опись успешно сохранена в inventory.docx
2024-10-31 08:21:09,185 - INFO - Файл C:/Users/user/Desktop/11.txt переименован и сохранен как C:/Users/user/Desktop\11.txt
2024-10-31 08:21:11,718 - ERROR - Ошибка извлечения данных из Excel : openpyxl does not support  file format, please check you can open it with Excel first. Supported formats are: .xlsx,.xlsm,.xltx,.xltm
2024-10-31 08:21:25,221 - ERROR - Ошибка извлечения данных из Excel : openpyxl does not support  file format, please check you can open it with Excel first. Supported formats are: .xlsx,.xlsm,.xltx,.xltm
2024-10-31 08:21:25,223 - ERROR - Ошибка при загрузке справочника : [Errno 2] No such file or directory: ''
2024-10-31 08:21:25,268 - INFO - Опись успешно сохранена в inventory.docx
2024-10-31 08:21:53,576 - INFO - Архив выбран: C:/Users/user/Downloads/GyverTimers-main.zip
2024-10-31 08:22:08,841 - INFO - Директория для результатов выбрана: C:/Users/user/Desktop/Новая папка (2)
2024-10-31 08:22:10,207 - INFO - Файл C:/Users/user/Downloads/GyverTimers-main.zip успешно извлечен в C:/Users/user/Desktop/Новая папка (2)
2024-10-31 08:22:11,501 - INFO - Извлечение архива завершено.
2024-10-31 08:22:41,044 - INFO - Архив выбран: C:/Users/user/Downloads/GyverTimers-main.zip
2024-10-31 08:22:48,200 - INFO - Директория для результатов выбрана: C:/Users/user/Desktop/Новая папка (2)
2024-10-31 08:22:50,077 - INFO - Файл C:/Users/user/Downloads/GyverTimers-main.zip успешно извлечен в C:/Users/user/Desktop/Новая папка (2)
2024-10-31 08:22:51,590 - INFO - Извлечение архива завершено.
2024-10-31 08:22:52,361 - ERROR - Ошибка извлечения данных из Excel : openpyxl does not support  file format, please check you can open it with Excel first. Supported formats are: .xlsx,.xlsm,.xltx,.xltm
2024-10-31 08:22:52,363 - ERROR - Ошибка при загрузке справочника : [Errno 2] No such file or directory: ''
2024-10-31 08:22:52,405 - INFO - Опись успешно сохранена в C:/Users/user/Desktop/Новая папка (2)\inventory.docx
2024-10-31 08:30:58,487 - ERROR - Директория для извлечения не указана.
2024-10-31 08:31:03,681 - ERROR - Ошибка извлечения данных из Excel : openpyxl does not support  file format, please check you can open it with Excel first. Supported formats are: .xlsx,.xlsm,.xltx,.xltm
2024-10-31 16:39:45,672 - ERROR - Директория для извлечения не указана.
2024-10-31 16:43:27,294 - INFO - Архив выбран: C:/Users/user/Desktop/pd.rar
2024-10-31 16:43:35,513 - INFO - Директория для результатов выбрана: C:/Users/user/Desktop/Новая папка
2024-10-31 16:43:39,295 - ERROR - Ошибка извлечения файла C:/Users/user/Desktop/pd.rar: Cannot find working tool
2024-10-31 16:43:47,674 - ERROR - Ошибка извлечения файла C:/Users/user/Desktop/pd.rar: Cannot find working tool
2024-10-31 16:44:35,591 - INFO - Архив выбран: C:/Users/user/Desktop/pd.rar
2024-10-31 16:44:43,419 - INFO - Директория для результатов выбрана: C:/Users/user/Desktop/Новая папка
2024-10-31 16:44:45,704 - ERROR - Ошибка извлечения файла C:/Users/user/Desktop/pd.rar: Cannot find working tool
2024-10-31 16:45:51,748 - INFO - Архив выбран: C:/Users/user/Desktop/э3 (2).rar
2024-10-31 16:45:57,138 - INFO - Директория для результатов выбрана: C:/Users/user/Desktop/Новая папка
2024-10-31 16:45:58,340 - ERROR - Ошибка извлечения файла C:/Users/user/Desktop/э3 (2).rar: Cannot find working tool
2024-10-31 16:46:58,997 - INFO - Архив выбран: C:/Users/user/Desktop/ё12.rar
2024-10-31 16:47:03,809 - INFO - Директория для результатов выбрана: C:/Users/user/Desktop/Новая папка
2024-10-31 16:47:05,645 - ERROR - Ошибка извлечения файла C:/Users/user/Desktop/ё12.rar: Cannot find working tool
2024-10-31 16:47:20,437 - ERROR - Ошибка извлечения данных из Excel : openpyxl does not support  file format, please check you can open it with Excel first. Supported formats are: .xlsx,.xlsm,.xltx,.xltm
2024-10-31 16:47:20,439 - ERROR - Ошибка при загрузке справочника : [Errno 2] No such file or directory: ''
2024-10-31 16:47:20,509 - INFO - Опись успешно сохранена в C:/Users/user/Desktop/Новая папка\inventory.docx
2024-10-31 16:47:22,032 - INFO - Опись создана.
2024-10-31 16:48:40,357 - INFO - Файл C:/Users/user/Desktop/11.txt переименован и сохранен как C:/Users/user/Desktop\22.txt
2024-10-31 16:49:19,828 - ERROR - Ошибка извлечения данных из Excel : openpyxl does not support  file format, please check you can open it with Excel first. Supported formats are: .xlsx,.xlsm,.xltx,.xltm
2024-10-31 16:49:20,353 - ERROR - Ошибка извлечения данных из Excel : openpyxl does not support  file format, please check you can open it with Excel first. Supported formats are: .xlsx,.xlsm,.xltx,.xltm
2024-10-31 16:49:20,583 - ERROR - Ошибка извлечения данных из Excel : openpyxl does not support  file format, please check you can open it with Excel first. Supported formats are: .xlsx,.xlsm,.xltx,.xltm
2024-10-31 16:59:00,170 - INFO - Архив выбран: C:/Users/user/Desktop/ё12.rar
2024-10-31 16:59:11,451 - INFO - Директория для результатов выбрана: C:/Users/user/Desktop/Новая папка/ё12
2024-10-31 16:59:12,540 - ERROR - Ошибка извлечения файла C:/Users/user/Desktop/ё12.rar: Cannot find working tool
2024-10-31 16:59:38,874 - ERROR - Ошибка извлечения данных из Excel : openpyxl does not support  file format, please check you can open it with Excel first. Supported formats are: .xlsx,.xlsm,.xltx,.xltm
2024-10-31 16:59:53,728 - INFO - Опись успешно сохранена в C:/Users/user/Desktop/Новая папка/ё12\inventory.docx
2024-10-31 17:01:03,548 - INFO - Архив выбран: C:/Users/user/Desktop/123.rar
2024-10-31 17:01:11,423 - INFO - Директория для результатов выбрана: C:/Users/user/Desktop/Новая папка
2024-10-31 17:01:14,660 - INFO - Файл C:/Users/user/Desktop/123.rar успешно извлечен в C:/Users/user/Desktop/Новая папка
2024-10-31 17:01:30,462 - INFO - Опись успешно сохранена в C:/Users/user/Desktop/Новая папка\inventory.docx
2024-10-31 17:01:42,558 - ERROR - Ошибка извлечения данных из Excel : openpyxl does not support  file format, please check you can open it with Excel first. Supported formats are: .xlsx,.xlsm,.xltx,.xltm
2024-10-31 17:09:38,901 - ERROR - Директория для извлечения не указана.
2024-10-31 17:09:41,487 - ERROR - Ошибка извлечения данных из Excel : openpyxl does not support  file format, please check you can open it with Excel first. Supported formats are: .xlsx,.xlsm,.xltx,.xltm
2024-10-31 17:09:41,489 - ERROR - Ошибка при загрузке справочника : [Errno 2] No such file or directory: ''
2024-10-31 17:09:41,536 - INFO - Опись успешно сохранена в inventory.docx
2024-10-31 17:09:43,764 - ERROR - Ошибка извлечения данных из Excel : openpyxl does not support  file format, please check you can open it with Excel first. Supported formats are: .xlsx,.xlsm,.xltx,.xltm
2024-10-31 17:10:26,485 - INFO - Директория с файлами выбрана: C:/Users/user/Desktop/Новая папка/123
2024-10-31 17:10:42,298 - ERROR - Ошибка извлечения данных из Excel : openpyxl does not support  file format, please check you can open it with Excel first. Supported formats are: .xlsx,.xlsm,.xltx,.xltm
2024-10-31 17:11:04,824 - ERROR - Ошибка извлечения данных из Excel : openpyxl does not support  file format, please check you can open it with Excel first. Supported formats are: .xlsx,.xlsm,.xltx,.xltm
2024-10-31 17:11:04,826 - ERROR - Ошибка при загрузке справочника : [Errno 2] No such file or directory: ''
2024-10-31 17:11:04,864 - INFO - Опись успешно сохранена в inventory.docx
2024-10-31 17:15:43,673 - INFO - Директория с файлами выбрана: C:/Users/user/Desktop/123
2024-10-31 17:15:51,208 - ERROR - Ошибка извлечения данных из Excel : openpyxl does not support  file format, please check you can open it with Excel first. Supported formats are: .xlsx,.xlsm,.xltx,.xltm
2024-10-31 17:16:09,301 - ERROR - Ошибка извлечения данных из Excel : openpyxl does not support  file format, please check you can open it with Excel first. Supported formats are: .xlsx,.xlsm,.xltx,.xltm
2024-10-31 17:16:09,303 - ERROR - Ошибка при загрузке справочника : [Errno 2] No such file or directory: ''
2024-10-31 17:16:09,345 - INFO - Опись успешно сохранена в inventory.docx
2024-10-31 17:16:36,803 - INFO - Текст успешно извлечён из C:/Users/user/Desktop/123\1.txt
2024-10-31 17:16:36,804 - INFO - Текст успешно извлечён из C:/Users/user/Desktop/123\2.txt
2024-10-31 17:16:36,804 - INFO - Текст успешно извлечён из C:/Users/user/Desktop/123\3.txt
2024-10-31 17:16:36,808 - INFO - Текст успешно извлечён из C:/Users/user/Desktop/123\Документ Microsoft Word.docx
2024-10-31 17:16:36,809 - INFO - Извлечение текста и изображений завершено.
2024-10-31 17:17:29,623 - ERROR - Ошибка извлечения данных из Excel : openpyxl does not support  file format, please check you can open it with Excel first. Supported formats are: .xlsx,.xlsm,.xltx,.xltm
2024-10-31 17:17:29,624 - ERROR - Ошибка при загрузке справочника : [Errno 2] No such file or directory: ''
2024-10-31 17:17:29,671 - INFO - Опись успешно сохранена в inventory.docx
